<?xml version="1.0" encoding="UTF-8"?>
<!-- Generated by org.testng.reporters.JUnitReportReporter -->
<testsuite hostname="DELL" failures="0" tests="4" name="com.inetbanking.testcases.LoginTestwithmultipledata" time="37.723" errors="0" timestamp="2022-12-27T12:54:24 IST" skipped="0">
  <testcase classname="com.inetbanking.testcases.LoginTestwithmultipledata" name="loginDDT" time="11.542"/>
  <system-out/>
  <testcase classname="com.inetbanking.testcases.LoginTestwithmultipledata" name="loginDDT" time="7.275"/>
  <system-out/>
  <testcase classname="com.inetbanking.testcases.LoginTestwithmultipledata" name="loginDDT" time="7.523"/>
  <system-out/>
  <testcase classname="com.inetbanking.testcases.LoginTestwithmultipledata" name="loginDDT" time="11.383"/>
  <system-out/>
</testsuite> <!-- com.inetbanking.testcases.LoginTestwithmultipledata -->
