<?xml version="1.0" encoding="UTF-8"?>
<!-- Generated by org.testng.reporters.JUnitReportReporter -->
<testsuite hostname="DELL" failures="0" tests="6" name="com.inetbanking.testcases.HomePageTest" time="102.859" errors="0" timestamp="2022-12-27T12:54:24 IST" skipped="0">
  <testcase classname="com.inetbanking.testcases.HomePageTest" name="verifyhomPage" time="15.972"/>
  <system-out/>
  <testcase classname="com.inetbanking.testcases.HomePageTest" name="verifyHomePage" time="16.592"/>
  <system-out/>
  <testcase classname="com.inetbanking.testcases.HomePageTest" name="verifyhomPage1" time="16.245"/>
  <system-out/>
  <testcase classname="com.inetbanking.testcases.HomePageTest" name="verifyhomPage1" time="21.913"/>
  <system-out/>
  <testcase classname="com.inetbanking.testcases.HomePageTest" name="verifyHomePage" time="16.788"/>
  <system-out/>
  <testcase classname="com.inetbanking.testcases.HomePageTest" name="verifyhomPage" time="15.349"/>
  <system-out/>
</testsuite> <!-- com.inetbanking.testcases.HomePageTest -->
